running egg_info
creating build/ros_project/ros_project.egg-info
writing build/ros_project/ros_project.egg-info/PKG-INFO
writing dependency_links to build/ros_project/ros_project.egg-info/dependency_links.txt
writing requirements to build/ros_project/ros_project.egg-info/requires.txt
writing top-level names to build/ros_project/ros_project.egg-info/top_level.txt
writing manifest file 'build/ros_project/ros_project.egg-info/SOURCES.txt'
reading manifest file 'build/ros_project/ros_project.egg-info/SOURCES.txt'
writing manifest file 'build/ros_project/ros_project.egg-info/SOURCES.txt'
running build
running build_py
creating /home/gautam/ros_project/build/ros_project/build
creating /home/gautam/ros_project/build/ros_project/build/lib
creating /home/gautam/ros_project/build/ros_project/build/lib/ros_project
copying ros_project/__init__.py -> /home/gautam/ros_project/build/ros_project/build/lib/ros_project
running install
running install_lib
creating /home/gautam/ros_project/install/ros_project/lib/python3.10/site-packages/ros_project
copying /home/gautam/ros_project/build/ros_project/build/lib/ros_project/__init__.py -> /home/gautam/ros_project/install/ros_project/lib/python3.10/site-packages/ros_project
byte-compiling /home/gautam/ros_project/install/ros_project/lib/python3.10/site-packages/ros_project/__init__.py to __init__.cpython-310.pyc
running install_data
creating /home/gautam/ros_project/install/ros_project/share/ament_index
creating /home/gautam/ros_project/install/ros_project/share/ament_index/resource_index
creating /home/gautam/ros_project/install/ros_project/share/ament_index/resource_index/packages
copying resource/ros_project -> /home/gautam/ros_project/install/ros_project/share/ament_index/resource_index/packages
copying package.xml -> /home/gautam/ros_project/install/ros_project/share/ros_project
running install_egg_info
Copying build/ros_project/ros_project.egg-info to /home/gautam/ros_project/install/ros_project/lib/python3.10/site-packages/ros_project-0.0.0-py3.10.egg-info
running install_scripts
writing list of installed files to '/home/gautam/ros_project/build/ros_project/install.log'
