[0.624s] Invoking command in '/home/gautam/ros_project': PYTHONPATH=/home/gautam/ros_project/build/ros_project/prefix_override:/usr/lib/python3/dist-packages/colcon_core/task/python/colcon_distutils_commands:/home/gautam/ros_project/install/ros_project/lib/python3.10/site-packages:${PYTHONPATH} /usr/bin/python3 -W ignore:setup.py install is deprecated -W ignore:easy_install command is deprecated setup.py egg_info --egg-base build/ros_project build --build-base /home/gautam/ros_project/build/ros_project/build install --record /home/gautam/ros_project/build/ros_project/install.log --single-version-externally-managed install_data
[0.769s] running egg_info
[0.769s] creating build/ros_project/ros_project.egg-info
[0.777s] writing build/ros_project/ros_project.egg-info/PKG-INFO
[0.777s] writing dependency_links to build/ros_project/ros_project.egg-info/dependency_links.txt
[0.778s] writing requirements to build/ros_project/ros_project.egg-info/requires.txt
[0.778s] writing top-level names to build/ros_project/ros_project.egg-info/top_level.txt
[0.778s] writing manifest file 'build/ros_project/ros_project.egg-info/SOURCES.txt'
[0.794s] reading manifest file 'build/ros_project/ros_project.egg-info/SOURCES.txt'
[0.795s] writing manifest file 'build/ros_project/ros_project.egg-info/SOURCES.txt'
[0.795s] running build
[0.795s] running build_py
[0.795s] creating /home/gautam/ros_project/build/ros_project/build
[0.795s] creating /home/gautam/ros_project/build/ros_project/build/lib
[0.795s] creating /home/gautam/ros_project/build/ros_project/build/lib/ros_project
[0.795s] copying ros_project/__init__.py -> /home/gautam/ros_project/build/ros_project/build/lib/ros_project
[0.796s] running install
[0.799s] running install_lib
[0.807s] creating /home/gautam/ros_project/install/ros_project/lib/python3.10/site-packages/ros_project
[0.807s] copying /home/gautam/ros_project/build/ros_project/build/lib/ros_project/__init__.py -> /home/gautam/ros_project/install/ros_project/lib/python3.10/site-packages/ros_project
[0.808s] byte-compiling /home/gautam/ros_project/install/ros_project/lib/python3.10/site-packages/ros_project/__init__.py to __init__.cpython-310.pyc
[0.808s] running install_data
[0.808s] creating /home/gautam/ros_project/install/ros_project/share/ament_index
[0.808s] creating /home/gautam/ros_project/install/ros_project/share/ament_index/resource_index
[0.808s] creating /home/gautam/ros_project/install/ros_project/share/ament_index/resource_index/packages
[0.808s] copying resource/ros_project -> /home/gautam/ros_project/install/ros_project/share/ament_index/resource_index/packages
[0.808s] copying package.xml -> /home/gautam/ros_project/install/ros_project/share/ros_project
[0.808s] running install_egg_info
[0.817s] Copying build/ros_project/ros_project.egg-info to /home/gautam/ros_project/install/ros_project/lib/python3.10/site-packages/ros_project-0.0.0-py3.10.egg-info
[0.817s] running install_scripts
[0.894s] writing list of installed files to '/home/gautam/ros_project/build/ros_project/install.log'
[0.909s] Invoked command in '/home/gautam/ros_project' returned '0': PYTHONPATH=/home/gautam/ros_project/build/ros_project/prefix_override:/usr/lib/python3/dist-packages/colcon_core/task/python/colcon_distutils_commands:/home/gautam/ros_project/install/ros_project/lib/python3.10/site-packages:${PYTHONPATH} /usr/bin/python3 -W ignore:setup.py install is deprecated -W ignore:easy_install command is deprecated setup.py egg_info --egg-base build/ros_project build --build-base /home/gautam/ros_project/build/ros_project/build install --record /home/gautam/ros_project/build/ros_project/install.log --single-version-externally-managed install_data
