[0.512s] Invoking command in '/home/gautam/ros_project/src': PYTHONPATH=/home/gautam/ros_project/build/ros_project/prefix_override:/usr/lib/python3/dist-packages/colcon_core/task/python/colcon_distutils_commands:/home/gautam/ros_project/install/ros_project/lib/python3.10/site-packages:${PYTHONPATH} /usr/bin/python3 -W ignore:setup.py install is deprecated -W ignore:easy_install command is deprecated setup.py egg_info --egg-base ../build/ros_project build --build-base /home/gautam/ros_project/build/ros_project/build install --record /home/gautam/ros_project/build/ros_project/install.log --single-version-externally-managed install_data
[0.658s] running egg_info
[0.666s] writing ../build/ros_project/ros_project.egg-info/PKG-INFO
[0.666s] writing dependency_links to ../build/ros_project/ros_project.egg-info/dependency_links.txt
[0.666s] writing requirements to ../build/ros_project/ros_project.egg-info/requires.txt
[0.666s] writing top-level names to ../build/ros_project/ros_project.egg-info/top_level.txt
[0.683s] reading manifest file '../build/ros_project/ros_project.egg-info/SOURCES.txt'
[0.684s] writing manifest file '../build/ros_project/ros_project.egg-info/SOURCES.txt'
[0.684s] running build
[0.684s] running build_py
[0.684s] copying ros_project/__init__.py -> /home/gautam/ros_project/build/ros_project/build/lib/ros_project
[0.684s] running install
[0.687s] running install_lib
[0.695s] running install_data
[0.696s] copying resource/ros_project -> /home/gautam/ros_project/install/ros_project/share/ament_index/resource_index/packages
[0.696s] copying package.xml -> /home/gautam/ros_project/install/ros_project/share/ros_project
[0.696s] running install_egg_info
[0.705s] removing '/home/gautam/ros_project/install/ros_project/lib/python3.10/site-packages/ros_project-0.0.0-py3.10.egg-info' (and everything under it)
[0.705s] Copying ../build/ros_project/ros_project.egg-info to /home/gautam/ros_project/install/ros_project/lib/python3.10/site-packages/ros_project-0.0.0-py3.10.egg-info
[0.705s] running install_scripts
[0.783s] writing list of installed files to '/home/gautam/ros_project/build/ros_project/install.log'
[0.800s] Invoked command in '/home/gautam/ros_project/src' returned '0': PYTHONPATH=/home/gautam/ros_project/build/ros_project/prefix_override:/usr/lib/python3/dist-packages/colcon_core/task/python/colcon_distutils_commands:/home/gautam/ros_project/install/ros_project/lib/python3.10/site-packages:${PYTHONPATH} /usr/bin/python3 -W ignore:setup.py install is deprecated -W ignore:easy_install command is deprecated setup.py egg_info --egg-base ../build/ros_project build --build-base /home/gautam/ros_project/build/ros_project/build install --record /home/gautam/ros_project/build/ros_project/install.log --single-version-externally-managed install_data
