running egg_info
writing build/ros_project/ros_project.egg-info/PKG-INFO
writing dependency_links to build/ros_project/ros_project.egg-info/dependency_links.txt
writing requirements to build/ros_project/ros_project.egg-info/requires.txt
writing top-level names to build/ros_project/ros_project.egg-info/top_level.txt
reading manifest file 'build/ros_project/ros_project.egg-info/SOURCES.txt'
writing manifest file 'build/ros_project/ros_project.egg-info/SOURCES.txt'
running build
running build_py
copying ros_project/__init__.py -> /home/gautam/ros_project/build/ros_project/build/lib/ros_project
running install
running install_lib
running install_data
copying resource/ros_project -> /home/gautam/ros_project/install/ros_project/share/ament_index/resource_index/packages
copying package.xml -> /home/gautam/ros_project/install/ros_project/share/ros_project
running install_egg_info
removing '/home/gautam/ros_project/install/ros_project/lib/python3.10/site-packages/ros_project-0.0.0-py3.10.egg-info' (and everything under it)
Copying build/ros_project/ros_project.egg-info to /home/gautam/ros_project/install/ros_project/lib/python3.10/site-packages/ros_project-0.0.0-py3.10.egg-info
running install_scripts
writing list of installed files to '/home/gautam/ros_project/build/ros_project/install.log'
